This is pdfTeX, Version 3.1415926-2.3-1.40.12 (TeX Live 2011/MacPorts 2011_3) (format=pdflatex 2011.12.2)  10 MAY 2012 17:52
entering extended mode
 restricted \write18 enabled.
 file:line:error style messages enabled.
 %&-line parsing enabled.
**format.tex
(./format.tex
LaTeX2e <2009/09/24>
Babel <v3.8l> and hyphenation patterns for english, dumylang, nohyphenation, cz
ech, slovak, dutch, ukenglish, usenglishmax, basque, french, german-x-2009-06-1
9, ngerman-x-2009-06-19, german, ngerman, swissgerman, italian, polish, portugu
ese, spanish, catalan, galician, loaded.
(/opt/local/share/texmf-texlive-dist/tex/latex/base/latex209.def
File: latex209.def 1998/05/13 v0.52 Standard LaTeX file


          Entering LaTeX 2.09 COMPATIBILITY MODE
 *************************************************************
    !!WARNING!!    !!WARNING!!    !!WARNING!!    !!WARNING!!   
 
 This mode attempts to provide an emulation of the LaTeX 2.09
 author environment so that OLD documents can be successfully
 processed. It should NOT be used for NEW documents!
 
 New documents should use Standard LaTeX conventions and start
 with the \documentclass command.
 
 Compatibility mode is UNLIKELY TO WORK with LaTeX 2.09 style
 files that change any internal macros, especially not with
 those that change the FONT SELECTION or OUTPUT ROUTINES.
 
 Therefore such style files MUST BE UPDATED to use
          Current Standard LaTeX: LaTeX2e.
 If you suspect that you may be using such a style file, which
 is probably very, very old by now, then you should attempt to
 get it updated by sending a copy of this error message to the
 author of that file.
 *************************************************************

\footheight=\dimen102
\@maxsep=\dimen103
\@dblmaxsep=\dimen104
\@cla=\count79
\@clb=\count80
\mscount=\count81
(/opt/local/share/texmf-texlive-dist/tex/latex/base/tracefnt.sty
Package: tracefnt 1997/05/29 v3.0j Standard LaTeX package (font tracing)
\tracingfonts=\count82
LaTeX Info: Redefining \selectfont on input line 101.
)
\symbold=\mathgroup4
\symsans=\mathgroup5
\symtypewriter=\mathgroup6
\symitalic=\mathgroup7
\symsmallcaps=\mathgroup8
\symslanted=\mathgroup9
LaTeX Font Info:    Redeclaring math alphabet \mathbf on input line 293.
LaTeX Font Info:    Redeclaring math alphabet \mathsf on input line 294.
LaTeX Font Info:    Redeclaring math alphabet \mathtt on input line 295.
LaTeX Font Info:    Redeclaring math alphabet \mathit on input line 301.
LaTeX Info: Redefining \em on input line 311.

(/opt/local/share/texmf-texlive-dist/tex/latex/base/latexsym.sty
Package: latexsym 1998/08/17 v2.2e Standard LaTeX package (lasy symbols)
\symlasy=\mathgroup10
LaTeX Font Info:    Overwriting symbol font `lasy' in version `bold'
(Font)                  U/lasy/m/n --> U/lasy/b/n on input line 47.
)
LaTeX Font Info:    Redeclaring math delimiter \lgroup on input line 375.
LaTeX Font Info:    Redeclaring math delimiter \rgroup on input line 377.
LaTeX Font Info:    Redeclaring math delimiter \bracevert on input line 379.
)
(/opt/local/share/texmf-texlive-dist/tex/latex/base/article.cls
Document Class: article 2007/10/19 v1.4h Standard LaTeX document class
(/opt/local/share/texmf-texlive-dist/tex/latex/base/size10.clo
File: size10.clo 2007/10/19 v1.4h Standard LaTeX file (size option)
)
\c@part=\count83
\c@section=\count84
\c@subsection=\count85
\c@subsubsection=\count86
\c@paragraph=\count87
\c@subparagraph=\count88
\c@figure=\count89
\c@table=\count90
\abovecaptionskip=\skip41
\belowcaptionskip=\skip42
Compatibility mode: definition of \rm ignored.
Compatibility mode: definition of \sf ignored.
Compatibility mode: definition of \tt ignored.
Compatibility mode: definition of \bf ignored.
Compatibility mode: definition of \it ignored.
Compatibility mode: definition of \sl ignored.
Compatibility mode: definition of \sc ignored.
LaTeX Info: Redefining \cal on input line 506.
LaTeX Info: Redefining \mit on input line 507.
\bibindent=\dimen105
)
(./icml2002.sty
\captionbox=\box26
\captionboxwid=\dimen106
) (/opt/local/share/texmf-texlive-dist/tex/generic/epsf/epsf.sty
This is `epsf.tex' v2.7.4 <14 February 2011>
\epsffilein=\read1
\epsfframemargin=\dimen107
\epsfframethickness=\dimen108
\epsfrsize=\dimen109
\epsftmp=\dimen110
\epsftsize=\dimen111
\epsfxsize=\dimen112
\epsfysize=\dimen113
\pspoints=\dimen114
) (./format.aux)
\openout1 = `format.aux'.

LaTeX Font Info:    Checking defaults for OML/cmm/m/it on input line 11.
LaTeX Font Info:    ... okay on input line 11.
LaTeX Font Info:    Checking defaults for T1/cmr/m/n on input line 11.
LaTeX Font Info:    ... okay on input line 11.
LaTeX Font Info:    Checking defaults for OT1/cmr/m/n on input line 11.
LaTeX Font Info:    ... okay on input line 11.
LaTeX Font Info:    Checking defaults for OMS/cmsy/m/n on input line 11.
LaTeX Font Info:    ... okay on input line 11.
LaTeX Font Info:    Checking defaults for OMX/cmex/m/n on input line 11.
LaTeX Font Info:    ... okay on input line 11.
LaTeX Font Info:    Checking defaults for U/cmr/m/n on input line 11.
LaTeX Font Info:    ... okay on input line 11.
 [1{/opt/local/var/db/texmf/fonts/map/pdftex/updmap/pdftex.map}




] (./format.aux) ) 
Here is how much of TeX's memory you used:
 396 strings out of 494770
 4592 string characters out of 3171573
 50015 words of memory out of 3000000
 3683 multiletter control sequences out of 15000+200000
 4854 words of font info for 18 fonts, out of 3000000 for 9000
 134 hyphenation exceptions out of 8191
 19i,4n,19p,191b,134s stack positions out of 5000i,500n,10000p,200000b,50000s
</opt/local/share/texmf-texlive-dist/fonts/type1/public/amsfo
nts/cm/cmbx10.pfb></opt/local/share/texmf-texlive-dist/fonts/type1/public/amsfo
nts/cm/cmbx12.pfb></opt/local/share/texmf-texlive-dist/fonts/type1/public/amsfo
nts/cm/cmcsc10.pfb></opt/local/share/texmf-texlive-dist/fonts/type1/public/amsf
onts/cm/cmr10.pfb>
Output written on format.pdf (1 page, 48079 bytes).
PDF statistics:
 24 PDF objects out of 1000 (max. 8388607)
 16 compressed objects within 1 object stream
 0 named destinations out of 1000 (max. 500000)
 1 words of extra memory for PDF output out of 10000 (max. 10000000)

